<?xml version="1.0" encoding="UTF-8"?>
<!-- Generated by org.testng.reporters.JUnitReportReporter -->
<testsuite hostname="DESKTOP-QAMDQO9" failures="0" tests="14" name="test.HomePageTest" time="29.378" errors="0" timestamp="2023-01-23T22:39:12 EST" skipped="13">
  <testcase classname="test.HomePageTest" name="dropDownSelectByValue" time="29.378"/>
  <system-out/>
  <testcase classname="test.HomePageTest" name="setTheSizeOfWindow">
    <skipped/>
  </testcase> <!-- setTheSizeOfWindow -->
  <system-out/>
  <testcase classname="test.HomePageTest" name="clickEmailButtonTest">
    <skipped/>
  </testcase> <!-- clickEmailButtonTest -->
  <system-out/>
  <testcase classname="test.HomePageTest" name="dropDownSelectByVisibleText">
    <skipped/>
  </testcase> <!-- dropDownSelectByVisibleText -->
  <system-out/>
  <testcase classname="test.HomePageTest" name="inputTextEmailTest">
    <skipped/>
  </testcase> <!-- inputTextEmailTest -->
  <system-out/>
  <testcase classname="test.HomePageTest" name="zaraLogoTest1">
    <skipped/>
  </testcase> <!-- zaraLogoTest1 -->
  <system-out/>
  <testcase classname="test.HomePageTest" name="dropDownSelectByIndex">
    <skipped/>
  </testcase> <!-- dropDownSelectByIndex -->
  <system-out/>
  <testcase classname="test.HomePageTest" name="zaraLogoTest">
    <skipped/>
  </testcase> <!-- zaraLogoTest -->
  <system-out/>
  <testcase classname="test.HomePageTest" name="softAssertion">
    <skipped/>
  </testcase> <!-- softAssertion -->
  <system-out/>
  <testcase classname="test.HomePageTest" name="inputTextPasswordTest">
    <skipped/>
  </testcase> <!-- inputTextPasswordTest -->
  <system-out/>
  <testcase classname="test.HomePageTest" name="clickForgotYourPasswordTest">
    <skipped/>
  </testcase> <!-- clickForgotYourPasswordTest -->
  <system-out/>
  <testcase classname="test.HomePageTest" name="clickPasswordTest">
    <skipped/>
  </testcase> <!-- clickPasswordTest -->
  <system-out/>
  <testcase classname="test.HomePageTest" name="mouseHoverOverAction">
    <skipped/>
  </testcase> <!-- mouseHoverOverAction -->
  <system-out/>
  <testcase classname="test.HomePageTest" name="assertion">
    <skipped/>
  </testcase> <!-- assertion -->
  <system-out/>
</testsuite> <!-- test.HomePageTest -->
